<?xml version="1.0" encoding="UTF-8"?>
<!-- Generated by org.testng.reporters.JUnitReportReporter -->
<testsuite hostname="brandon" failures="0" tests="1" name="com.herokuapp.theinternet.NegativeTest" time="26.320" errors="0" timestamp="10 may. 2024 20:13:22 GMT" skipped="0">
  <testcase classname="com.herokuapp.theinternet.NegativeTest" name="incorrectUsernameTest" time="26.320"/>
</testsuite> <!-- com.herokuapp.theinternet.NegativeTest -->
