<?xml version="1.0" encoding="UTF-8"?>
<!-- Generated by org.testng.reporters.JUnitReportReporter -->
<testsuite hostname="DESKTOP-0BNA4PG" failures="0" tests="2" name="com.herokuapp.theinternet.NegativeTest" time="21.761" errors="0" timestamp="21 Dec 2023 07:44:59 GMT" skipped="1">
  <testcase classname="com.herokuapp.theinternet.NegativeTest" name="incorrectUsernameTest" time="21.761"/>
  <testcase classname="com.herokuapp.theinternet.NegativeTest" name="incorrectPasswordTest">
    <skipped/>
  </testcase> <!-- incorrectPasswordTest -->
</testsuite> <!-- com.herokuapp.theinternet.NegativeTest -->
