<?xml version="1.0" encoding="UTF-8"?>
<!-- Generated by org.testng.reporters.JUnitReportReporter -->
<testsuite hostname="DESKTOP-0BNA4PG" failures="0" tests="1" name="com.herokuapp.theinternet.NegativeTest" time="31.926" errors="0" timestamp="09 Dec 2023 10:33:00 GMT" skipped="0">
  <testcase classname="com.herokuapp.theinternet.NegativeTest" name="incorrectUsernameTest" time="31.926"/>
</testsuite> <!-- com.herokuapp.theinternet.NegativeTest -->
