<?xml version="1.0" encoding="UTF-8"?>
<!-- Generated by org.testng.reporters.JUnitReportReporter -->
<testsuite hostname="DESKTOP-0BNA4PG" failures="0" tests="2" name="com.herokuapp.theinternet.NegativeTest" time="57.796" errors="0" timestamp="19 Dec 2023 08:02:35 GMT" skipped="0">
  <testcase classname="com.herokuapp.theinternet.NegativeTest" name="incorrectPasswordTest" time="25.198"/>
  <testcase classname="com.herokuapp.theinternet.NegativeTest" name="incorrectUsernameTest" time="32.598"/>
</testsuite> <!-- com.herokuapp.theinternet.NegativeTest -->
