<?xml version="1.0" encoding="UTF-8"?>
<!-- Generated by org.testng.reporters.JUnitReportReporter -->
<testsuite hostname="DESKTOP-0BNA4PG" failures="0" tests="1" name="com.herokuapp.theinternet.PositiveTest" time="36.581" errors="0" timestamp="09 Dec 2023 10:08:56 GMT" skipped="0">
  <testcase classname="com.herokuapp.theinternet.PositiveTest" name="loginTest" time="36.581"/>
</testsuite> <!-- com.herokuapp.theinternet.PositiveTest -->
