<?xml version="1.0" encoding="UTF-8"?>
<!-- Generated by org.testng.reporters.JUnitReportReporter -->
<testsuite hostname="DESKTOP-0BNA4PG" failures="0" tests="1" name="com.herokuapp.theinternet.PositiveTest" time="31.937" errors="0" timestamp="30 Nov 2023 05:32:24 GMT" skipped="0">
  <testcase classname="com.herokuapp.theinternet.PositiveTest" name="loginTest" time="31.937"/>
</testsuite> <!-- com.herokuapp.theinternet.PositiveTest -->
