<?xml version="1.0" encoding="UTF-8"?>
<!-- Generated by org.testng.reporters.JUnitReportReporter -->
<testsuite hostname="DESKTOP-0BNA4PG" failures="0" tests="1" name="com.herokuapp.theinternet.PositiveTest" time="32.514" errors="0" timestamp="19 Dec 2023 08:02:35 GMT" skipped="0">
  <testcase classname="com.herokuapp.theinternet.PositiveTest" name="loginTest" time="32.514"/>
</testsuite> <!-- com.herokuapp.theinternet.PositiveTest -->
