<?xml version="1.0" encoding="UTF-8"?>
<!-- Generated by org.testng.reporters.JUnitReportReporter -->
<testsuite hostname="brandon" failures="0" tests="3" name="com.herokuapp.theinternet.LoginTests" time="66.884" errors="0" timestamp="16 may. 2024 21:55:51 GMT" skipped="0">
  <testcase classname="com.herokuapp.theinternet.LoginTests" name="positiveLoginTest" time="21.650"/>
  <testcase classname="com.herokuapp.theinternet.LoginTests" name="negativeLoginTest" time="23.467"/>
  <testcase classname="com.herokuapp.theinternet.LoginTests" name="negativeLoginTest" time="21.767"/>
</testsuite> <!-- com.herokuapp.theinternet.LoginTests -->
