<?xml version="1.0" encoding="UTF-8"?>
<!-- Generated by org.testng.reporters.JUnitReportReporter -->
<testsuite hostname="DESKTOP-0BNA4PG" failures="0" tests="2" name="com.herokuapp.theinternet.NegativeTest" time="52.426" errors="0" timestamp="19 Dec 2023 01:49:03 GMT" skipped="0">
  <testcase classname="com.herokuapp.theinternet.NegativeTest" name="incorrectPasswordTest" time="28.258"/>
  <testcase classname="com.herokuapp.theinternet.NegativeTest" name="incorrectUsernameTest" time="24.168"/>
</testsuite> <!-- com.herokuapp.theinternet.NegativeTest -->
