<?xml version="1.0" encoding="UTF-8"?>
<!-- Generated by org.testng.reporters.JUnitReportReporter -->
<testsuite skipped="0" hostname="DESKTOP-0BNA4PG" name="com.herokuapp.theinternet.PositiveTest" tests="1" failures="0" timestamp="30 Nov 2023 03:40:41 GMT" time="37.600" errors="0">
  <testcase name="loginTest" time="37.600" classname="com.herokuapp.theinternet.PositiveTest"/>
</testsuite> <!-- com.herokuapp.theinternet.PositiveTest -->
