<?xml version="1.0" encoding="UTF-8"?>
<!-- Generated by org.testng.reporters.JUnitReportReporter -->
<testsuite skipped="0" hostname="DESKTOP-0BNA4PG" name="com.herokuapp.theinternet.PositiveTest" tests="1" failures="0" timestamp="21 Sep 2023 06:09:11 GMT" time="9.125" errors="0">
  <testcase name="loginTest" time="9.125" classname="com.herokuapp.theinternet.PositiveTest"/>
</testsuite> <!-- com.herokuapp.theinternet.PositiveTest -->
