<?xml version="1.0" encoding="UTF-8"?>
<!-- Generated by org.testng.reporters.JUnitReportReporter -->
<testsuite hostname="brandon" failures="0" tests="1" name="com.herokuapp.theinternet.PositiveTest" time="28.189" errors="0" timestamp="07 may. 2024 21:03:07 GMT" skipped="0">
  <testcase classname="com.herokuapp.theinternet.PositiveTest" name="loginTest" time="28.189"/>
</testsuite> <!-- com.herokuapp.theinternet.PositiveTest -->
